0 info it worked if it ends with ok
1 verbose cli [ '/usr/local/bin/node',
1 verbose cli   '/usr/local/bin/npm',
1 verbose cli   'install',
1 verbose cli   '--save',
1 verbose cli   'ngMaterial' ]
2 info using npm@2.15.9
3 info using node@v4.5.0
4 verbose install initial load of /Applications/MAMP/htdocs/ngGraph/package.json
5 verbose installManyTop reading scoped package data from /Applications/MAMP/htdocs/ngGraph/node_modules/angular/package.json
6 verbose installManyTop reading scoped package data from /Applications/MAMP/htdocs/ngGraph/node_modules/angular-chart.js/package.json
7 verbose installManyTop reading scoped package data from /Applications/MAMP/htdocs/ngGraph/node_modules/angular-route/package.json
8 verbose installManyTop reading scoped package data from /Applications/MAMP/htdocs/ngGraph/node_modules/bootstrap/package.json
9 verbose installManyTop reading scoped package data from /Applications/MAMP/htdocs/ngGraph/node_modules/gulp/package.json
10 verbose installManyTop reading scoped package data from /Applications/MAMP/htdocs/ngGraph/node_modules/gulp-concat/package.json
11 verbose installManyTop reading scoped package data from /Applications/MAMP/htdocs/ngGraph/node_modules/gulp-jshint/package.json
12 verbose installManyTop reading scoped package data from /Applications/MAMP/htdocs/ngGraph/node_modules/gulp-rename/package.json
13 verbose installManyTop reading scoped package data from /Applications/MAMP/htdocs/ngGraph/node_modules/gulp-sass/package.json
14 verbose installManyTop reading scoped package data from /Applications/MAMP/htdocs/ngGraph/node_modules/gulp-uglify/package.json
15 verbose installManyTop reading scoped package data from /Applications/MAMP/htdocs/ngGraph/node_modules/jquery/package.json
16 verbose installManyTop reading scoped package data from /Applications/MAMP/htdocs/ngGraph/node_modules/jshint/package.json
17 verbose installManyTop reading scoped package data from /Applications/MAMP/htdocs/ngGraph/node_modules/sass/package.json
18 info package.json gulp-rename@1.2.2 No license field.
19 info package.json sass@0.5.0 No repository field.
20 info package.json sass@0.5.0 No license field.
21 verbose readDependencies loading dependencies from /Applications/MAMP/htdocs/ngGraph/package.json
22 silly cache add args [ 'ngMaterial', null ]
23 verbose cache add spec ngMaterial
24 silly cache add parsed spec Result {
24 silly cache add   raw: 'ngMaterial',
24 silly cache add   scope: null,
24 silly cache add   name: 'ngMaterial',
24 silly cache add   rawSpec: '',
24 silly cache add   spec: 'latest',
24 silly cache add   type: 'tag' }
25 silly addNamed ngMaterial@latest
26 verbose addNamed "latest" is being treated as a dist-tag for ngMaterial
27 info addNameTag [ 'ngMaterial', 'latest' ]
28 silly mapToRegistry name ngMaterial
29 silly mapToRegistry using default registry
30 silly mapToRegistry registry https://registry.npmjs.org/
31 silly mapToRegistry data Result {
31 silly mapToRegistry   raw: 'ngMaterial',
31 silly mapToRegistry   scope: null,
31 silly mapToRegistry   name: 'ngMaterial',
31 silly mapToRegistry   rawSpec: '',
31 silly mapToRegistry   spec: 'latest',
31 silly mapToRegistry   type: 'tag' }
32 silly mapToRegistry uri https://registry.npmjs.org/ngMaterial
33 verbose addNameTag registry:https://registry.npmjs.org/ngMaterial not in flight; fetching
34 verbose request uri https://registry.npmjs.org/ngMaterial
35 verbose request no auth needed
36 info attempt registry request try #1 at 8:14:23 PM
37 verbose request id f637cba3aecca4ed
38 http request GET https://registry.npmjs.org/ngMaterial
39 http 404 https://registry.npmjs.org/ngMaterial
40 verbose headers { 'content-type': 'application/json',
40 verbose headers   'cache-control': 'max-age=0',
40 verbose headers   'content-length': '2',
40 verbose headers   'accept-ranges': 'bytes',
40 verbose headers   date: 'Sat, 08 Oct 2016 00:14:24 GMT',
40 verbose headers   via: '1.1 varnish',
40 verbose headers   age: '0',
40 verbose headers   connection: 'keep-alive',
40 verbose headers   'x-served-by': 'cache-jfk8137-JFK',
40 verbose headers   'x-cache': 'MISS',
40 verbose headers   'x-cache-hits': '0',
40 verbose headers   'x-timer': 'S1475885664.362842,VS0,VE397',
40 verbose headers   vary: 'Accept-Encoding' }
41 silly get cb [ 404,
41 silly get   { 'content-type': 'application/json',
41 silly get     'cache-control': 'max-age=0',
41 silly get     'content-length': '2',
41 silly get     'accept-ranges': 'bytes',
41 silly get     date: 'Sat, 08 Oct 2016 00:14:24 GMT',
41 silly get     via: '1.1 varnish',
41 silly get     age: '0',
41 silly get     connection: 'keep-alive',
41 silly get     'x-served-by': 'cache-jfk8137-JFK',
41 silly get     'x-cache': 'MISS',
41 silly get     'x-cache-hits': '0',
41 silly get     'x-timer': 'S1475885664.362842,VS0,VE397',
41 silly get     vary: 'Accept-Encoding' } ]
42 verbose stack Error: Registry returned 404 for GET on https://registry.npmjs.org/ngMaterial
42 verbose stack     at makeError (/usr/local/lib/node_modules/npm/node_modules/npm-registry-client/lib/request.js:264:12)
42 verbose stack     at CachingRegistryClient.<anonymous> (/usr/local/lib/node_modules/npm/node_modules/npm-registry-client/lib/request.js:242:14)
42 verbose stack     at Request._callback (/usr/local/lib/node_modules/npm/node_modules/npm-registry-client/lib/request.js:172:14)
42 verbose stack     at Request.self.callback (/usr/local/lib/node_modules/npm/node_modules/request/request.js:200:22)
42 verbose stack     at emitTwo (events.js:87:13)
42 verbose stack     at Request.emit (events.js:172:7)
42 verbose stack     at Request.<anonymous> (/usr/local/lib/node_modules/npm/node_modules/request/request.js:1067:10)
42 verbose stack     at emitOne (events.js:82:20)
42 verbose stack     at Request.emit (events.js:169:7)
42 verbose stack     at IncomingMessage.<anonymous> (/usr/local/lib/node_modules/npm/node_modules/request/request.js:988:12)
43 verbose statusCode 404
44 verbose pkgid ngMaterial
45 verbose cwd /Applications/MAMP/htdocs/ngGraph
46 error Darwin 16.0.0
47 error argv "/usr/local/bin/node" "/usr/local/bin/npm" "install" "--save" "ngMaterial"
48 error node v4.5.0
49 error npm  v2.15.9
50 error code E404
51 error 404 Registry returned 404 for GET on https://registry.npmjs.org/ngMaterial
51 error 404
51 error 404 'ngMaterial' is not in the npm registry.
51 error 404 Your package name is not valid, because
51 error 404
51 error 404  1. name can no longer contain capital letters
51 error 404 It was specified as a dependency of 'nggraph'
51 error 404
51 error 404 Note that you can also install from a
51 error 404 tarball, folder, http url, or git url.
52 verbose exit [ 1, true ]
